2026-07-02 15:59:07.336 | INFO     | __main__:extract_data:23 - Extracting listings data ...
2026-07-02 15:59:07.340 | INFO     | __main__:upsert:44 - Upserting data into supabase ...
2026-07-02 15:59:08.694 | ERROR    | __main__:upsert:48 - Error upserting data into supabase: {'message': "Could not find the 'img' column of 'listings' in the schema cache", 'code': 'PGRST204', 'hint': None, 'details': None}
2026-07-02 16:00:18.492 | INFO     | __main__:main:50 - --------------------------------------------------------------------------------------------------------------
2026-07-02 16:00:19.904 | INFO     | __main__:extract_data:23 - Extracting listings data ...
2026-07-02 16:00:19.905 | INFO     | __main__:upsert:43 - Upserting data into supabase ...
2026-07-02 16:00:29.993 | INFO     | __main__:main:56 - --------------------------------------------------------------------------------------------------------------
2026-07-02 16:05:19.461 | INFO     | __main__:main:51 - --------------------------------------------------------------------------------------------------------------
2026-07-02 16:05:21.051 | INFO     | __main__:extract_data:23 - Extracting listings data from API ...
2026-07-02 16:05:21.054 | INFO     | __main__:upsert:43 - Upserting data into supabase ...
2026-07-02 16:05:22.319 | INFO     | __main__:main:56 - Upserted 50 rows
2026-07-02 16:05:22.319 | INFO     | __main__:main:57 - Finished successfully!
2026-07-02 16:05:22.320 | INFO     | __main__:main:59 - --------------------------------------------------------------------------------------------------------------
2026-07-02 16:05:49.446 | INFO     | __main__:main:51 - --------------------------------------------------------------------------------------------------------------
2026-07-02 16:05:51.619 | INFO     | __main__:extract_data:23 - Extracting listings data from API ...
2026-07-02 16:05:51.634 | INFO     | __main__:upsert:43 - Upserting data into supabase ...
2026-07-02 16:05:52.659 | INFO     | __main__:main:56 - Upserted 500 rows
2026-07-02 16:05:52.659 | INFO     | __main__:main:57 - Finished successfully!
2026-07-02 16:05:52.660 | INFO     | __main__:main:59 - --------------------------------------------------------------------------------------------------------------
2026-07-02 22:44:59.457 | INFO     | __main__:main:52 - --------------------------------------------------------------------------------------------------------------
2026-07-02 22:45:02.082 | ERROR    | __main__:visit_url:20 - Failed to get response: object Response can't be used in 'await' expression
2026-07-02 22:45:07.459 | ERROR    | __main__:visit_url:20 - Failed to get response: object Response can't be used in 'await' expression
2026-07-02 22:45:12.184 | ERROR    | __main__:visit_url:20 - Failed to get response: object Response can't be used in 'await' expression
2026-07-02 22:45:18.048 | ERROR    | __main__:visit_url:20 - Failed to get response: object Response can't be used in 'await' expression
2026-07-02 22:45:27.045 | ERROR    | __main__:visit_url:20 - Failed to get response: object Response can't be used in 'await' expression
2026-07-02 22:45:34.444 | ERROR    | __main__:visit_url:20 - Failed to get response: object Response can't be used in 'await' expression
2026-07-02 22:45:41.672 | ERROR    | __main__:visit_url:20 - Failed to get response: object Response can't be used in 'await' expression
2026-07-02 22:45:49.395 | ERROR    | __main__:visit_url:20 - Failed to get response: object Response can't be used in 'await' expression
2026-07-02 22:45:56.379 | ERROR    | __main__:visit_url:20 - Failed to get response: object Response can't be used in 'await' expression
2026-07-02 22:46:05.198 | ERROR    | __main__:visit_url:20 - Failed to get response: object Response can't be used in 'await' expression
2026-07-02 22:46:06.072 | ERROR    | __main__:visit_url:20 - Failed to get response: object Response can't be used in 'await' expression
2026-07-02 22:46:06.909 | ERROR    | __main__:visit_url:20 - Failed to get response: object Response can't be used in 'await' expression
2026-07-02 22:46:07.841 | ERROR    | __main__:visit_url:20 - Failed to get response: object Response can't be used in 'await' expression
2026-07-02 22:46:08.612 | ERROR    | __main__:visit_url:20 - Failed to get response: object Response can't be used in 'await' expression
2026-07-02 22:46:09.352 | ERROR    | __main__:visit_url:20 - Failed to get response: object Response can't be used in 'await' expression
2026-07-02 22:46:10.135 | ERROR    | __main__:visit_url:20 - Failed to get response: object Response can't be used in 'await' expression
2026-07-02 22:46:10.985 | ERROR    | __main__:visit_url:20 - Failed to get response: object Response can't be used in 'await' expression
2026-07-02 22:46:11.807 | ERROR    | __main__:visit_url:20 - Failed to get response: object Response can't be used in 'await' expression
2026-07-02 22:46:12.610 | ERROR    | __main__:visit_url:20 - Failed to get response: object Response can't be used in 'await' expression
2026-07-02 22:52:01.253 | INFO     | __main__:main:52 - --------------------------------------------------------------------------------------------------------------
2026-07-02 22:52:03.822 | INFO     | __main__:extract_data:24 - Extracting listings data from API ...
2026-07-02 22:52:03.836 | ERROR    | __main__:extract_data:40 - Failed to extract data: object list can't be used in 'await' expression
2026-07-02 22:52:08.917 | INFO     | __main__:extract_data:24 - Extracting listings data from API ...
2026-07-02 22:52:08.932 | ERROR    | __main__:extract_data:40 - Failed to extract data: object list can't be used in 'await' expression
2026-07-02 22:52:14.277 | INFO     | __main__:extract_data:24 - Extracting listings data from API ...
2026-07-02 22:52:14.311 | ERROR    | __main__:extract_data:40 - Failed to extract data: object list can't be used in 'await' expression
2026-07-02 22:52:20.280 | ERROR    | __main__:visit_url:20 - Failed to get response: Failed to perform, curl: (23) Failure writing output to destination, passed 16384 returned 0. See https://curl.se/libcurl/c/libcurl-errors.html first for more details.
2026-07-02 22:54:28.616 | INFO     | __main__:main:52 - --------------------------------------------------------------------------------------------------------------
2026-07-02 22:54:31.754 | ERROR    | __main__:visit_url:20 - Failed to get response: object Response can't be used in 'await' expression
2026-07-02 22:54:36.989 | ERROR    | __main__:visit_url:20 - Failed to get response: object Response can't be used in 'await' expression
2026-07-02 22:54:42.638 | ERROR    | __main__:visit_url:20 - Failed to get response: object Response can't be used in 'await' expression
2026-07-02 22:54:49.721 | ERROR    | __main__:visit_url:20 - Failed to get response: object Response can't be used in 'await' expression
2026-07-02 22:54:52.627 | ERROR    | __main__:visit_url:20 - Failed to get response: object Response can't be used in 'await' expression
2026-07-02 22:55:00.552 | ERROR    | __main__:visit_url:20 - Failed to get response: object Response can't be used in 'await' expression
2026-07-02 22:56:20.986 | INFO     | __main__:main:52 - --------------------------------------------------------------------------------------------------------------
2026-07-02 22:59:09.007 | INFO     | __main__:main:52 - --------------------------------------------------------------------------------------------------------------
2026-07-02 23:01:24.915 | INFO     | __main__:main:51 - --------------------------------------------------------------------------------------------------------------
2026-07-02 23:01:28.481 | INFO     | __main__:extract_data:23 - Extracting listings data from API ...
2026-07-02 23:01:28.488 | INFO     | __main__:upsert:43 - Upserting data into supabase ...
2026-07-02 23:01:31.147 | INFO     | __main__:main:56 - Upserted 500 rows
2026-07-02 23:01:31.148 | INFO     | __main__:main:57 - Finished successfully!
2026-07-02 23:01:31.149 | INFO     | __main__:main:59 - --------------------------------------------------------------------------------------------------------------
2026-07-02 23:14:10.240 | INFO     | __main__:main:51 - --------------------------------------------------------------------------------------------------------------
2026-07-02 23:14:12.493 | INFO     | __main__:extract_data:23 - Extracting listings data from API ...
2026-07-02 23:14:12.494 | ERROR    | __main__:extract_data:39 - Failed to extract data: 'NoneType' object has no attribute 'get'
2026-07-02 23:49:27.551 | INFO     | __main__:main:50 - --------------------------------------------------------------------------------------------------------------
2026-07-02 23:49:28.375 | INFO     | __main__:extract_data:22 - Extracting listings data from API ...
2026-07-02 23:49:28.381 | ERROR    | __main__:extract_data:38 - Failed to extract data: 'NoneType' object has no attribute 'get'
2026-07-02 23:49:29.142 | INFO     | __main__:extract_data:22 - Extracting listings data from API ...
2026-07-02 23:49:29.143 | ERROR    | __main__:extract_data:38 - Failed to extract data: 'NoneType' object has no attribute 'get'
2026-07-02 23:49:30.057 | INFO     | __main__:extract_data:22 - Extracting listings data from API ...
2026-07-02 23:49:30.057 | ERROR    | __main__:extract_data:38 - Failed to extract data: 'NoneType' object has no attribute 'get'
2026-07-02 23:49:30.058 | INFO     | __main__:upsert:42 - Upserting data into supabase ...
2026-07-02 23:49:30.115 | ERROR    | __main__:upsert:47 - Error upserting data into supabase: 'NoneType' object has no attribute 'keys'
2026-07-02 23:53:50.104 | INFO     | __main__:main:50 - --------------------------------------------------------------------------------------------------------------
2026-07-02 23:53:50.942 | INFO     | __main__:extract_data:22 - Extracting listings data from API ...
2026-07-02 23:53:50.943 | ERROR    | __main__:extract_data:38 - Failed to extract data: 'NoneType' object has no attribute 'get'
2026-07-02 23:56:25.197 | INFO     | __main__:main:50 - --------------------------------------------------------------------------------------------------------------
2026-07-02 23:56:26.211 | INFO     | __main__:extract_data:22 - Extracting listings data from API ...
2026-07-02 23:56:26.211 | ERROR    | __main__:extract_data:38 - Failed to extract data: 'NoneType' object has no attribute 'get'
2026-07-02 23:56:46.776 | INFO     | __main__:main:50 - --------------------------------------------------------------------------------------------------------------
2026-07-02 23:56:48.559 | INFO     | __main__:extract_data:22 - Extracting listings data from API ...
2026-07-02 23:56:49.641 | INFO     | __main__:extract_data:22 - Extracting listings data from API ...
2026-07-02 23:56:51.129 | INFO     | __main__:extract_data:22 - Extracting listings data from API ...
2026-07-02 23:56:51.132 | INFO     | __main__:upsert:42 - Upserting data into supabase ...
2026-07-02 23:56:51.185 | ERROR    | __main__:upsert:47 - Error upserting data into supabase: 'str' object has no attribute 'keys'
2026-07-03 00:00:36.590 | INFO     | __main__:main:51 - --------------------------------------------------------------------------------------------------------------
2026-07-03 00:00:38.089 | INFO     | __main__:extract_data:22 - Extracting listings data from API ...
2026-07-03 00:00:38.091 | ERROR    | __main__:extract_data:39 - Failed to extract data: the JSON object must be str, bytes or bytearray, not list
2026-07-03 00:03:00.003 | INFO     | __main__:main:52 - --------------------------------------------------------------------------------------------------------------
2026-07-03 00:03:01.254 | INFO     | __main__:extract_data:24 - Extracting listings data from API ...
2026-07-03 00:03:03.020 | INFO     | __main__:extract_data:24 - Extracting listings data from API ...
2026-07-03 00:03:04.732 | INFO     | __main__:extract_data:24 - Extracting listings data from API ...
2026-07-03 00:03:04.838 | INFO     | __main__:upsert:44 - Upserting data into supabase ...
2026-07-03 00:03:05.031 | ERROR    | __main__:upsert:49 - Error upserting data into supabase: 'str' object has no attribute 'keys'
2026-07-03 00:03:56.553 | INFO     | __main__:main:52 - --------------------------------------------------------------------------------------------------------------
2026-07-03 00:03:58.113 | INFO     | __main__:extract_data:24 - Extracting listings data from API ...
2026-07-03 00:03:59.422 | INFO     | __main__:extract_data:24 - Extracting listings data from API ...
2026-07-03 00:04:00.965 | INFO     | __main__:extract_data:24 - Extracting listings data from API ...
2026-07-03 00:04:01.146 | INFO     | __main__:upsert:44 - Upserting data into supabase ...
2026-07-03 00:04:03.177 | ERROR    | __main__:upsert:49 - Error upserting data into supabase: {'message': 'ON CONFLICT DO UPDATE command cannot affect row a second time', 'code': '21000', 'hint': 'Ensure that no rows proposed for insertion within the same command have duplicate constrained values.', 'details': None}
2026-07-03 00:06:35.835 | INFO     | __main__:main:51 - --------------------------------------------------------------------------------------------------------------
2026-07-03 00:06:37.520 | INFO     | __main__:extract_data:23 - Extracting listings data from API ...
2026-07-03 00:06:38.768 | INFO     | __main__:extract_data:23 - Extracting listings data from API ...
2026-07-03 00:06:40.071 | INFO     | __main__:extract_data:23 - Extracting listings data from API ...
2026-07-03 00:06:40.077 | INFO     | __main__:upsert:43 - Upserting data into supabase ...
2026-07-03 00:06:40.915 | ERROR    | __main__:upsert:48 - Error upserting data into supabase: {'message': 'ON CONFLICT DO UPDATE command cannot affect row a second time', 'code': '21000', 'hint': 'Ensure that no rows proposed for insertion within the same command have duplicate constrained values.', 'details': None}
2026-07-03 00:10:22.575 | INFO     | __main__:main:51 - --------------------------------------------------------------------------------------------------------------
2026-07-03 00:10:24.079 | INFO     | __main__:extract_data:23 - Extracting listings data from API ...
2026-07-03 00:10:25.228 | INFO     | __main__:extract_data:23 - Extracting listings data from API ...
2026-07-03 00:10:26.511 | INFO     | __main__:extract_data:23 - Extracting listings data from API ...
2026-07-03 00:10:26.514 | INFO     | __main__:upsert:43 - Upserting data into supabase ...
2026-07-03 00:10:27.837 | INFO     | __main__:main:61 - Upserted 250 rows
2026-07-03 00:10:27.838 | INFO     | __main__:main:62 - Finished successfully!
2026-07-03 00:10:27.839 | INFO     | __main__:main:64 - --------------------------------------------------------------------------------------------------------------
2026-07-03 00:11:05.839 | INFO     | __main__:main:51 - --------------------------------------------------------------------------------------------------------------
2026-07-03 00:11:06.983 | INFO     | __main__:extract_data:23 - Extracting listings data from API ...
2026-07-03 00:11:08.127 | INFO     | __main__:extract_data:23 - Extracting listings data from API ...
2026-07-03 00:11:09.521 | INFO     | __main__:extract_data:23 - Extracting listings data from API ...
2026-07-03 00:11:09.524 | INFO     | __main__:upsert:43 - Upserting data into supabase ...
2026-07-03 00:11:10.151 | INFO     | __main__:main:60 - Upserted 250 rows
2026-07-03 00:11:10.152 | INFO     | __main__:main:61 - Finished successfully!
2026-07-03 00:11:10.152 | INFO     | __main__:main:63 - --------------------------------------------------------------------------------------------------------------
2026-07-03 00:13:10.544 | INFO     | __main__:main:50 - --------------------------------------------------------------------------------------------------------------
2026-07-03 00:13:10.544 | INFO     | __main__:main:54 - Extracting listings data from API ...
2026-07-03 00:13:14.307 | INFO     | __main__:upsert:42 - Upserting data into supabase ...
2026-07-03 00:13:15.137 | INFO     | __main__:main:60 - Upserted 250 rows
2026-07-03 00:13:15.140 | INFO     | __main__:main:61 - Finished successfully!
2026-07-03 00:13:15.140 | INFO     | __main__:main:63 - --------------------------------------------------------------------------------------------------------------
2026-07-03 00:13:45.386 | INFO     | __main__:main:50 - --------------------------------------------------------------------------------------------------------------
2026-07-03 00:13:45.387 | INFO     | __main__:main:54 - Extracting listings data from API ...
2026-07-03 00:13:55.651 | INFO     | __main__:upsert:42 - Upserting data into supabase ...
2026-07-03 00:13:59.369 | INFO     | __main__:main:60 - Upserted 2500 rows
2026-07-03 00:13:59.369 | INFO     | __main__:main:61 - Finished successfully!
2026-07-03 00:13:59.370 | INFO     | __main__:main:63 - --------------------------------------------------------------------------------------------------------------
